CRITICAL - 2021-08-22 02:32:15 --> Cache unable to write to C:\xampp\htdocs\attendance\writable\cache/.
#0 C:\xampp\htdocs\attendance\system\Cache\Handlers\FileHandler.php(68): CodeIgniter\Cache\Exceptions\CacheException::forUnableToWrite('C:\\xampp\\htdocs...')
#1 C:\xampp\htdocs\attendance\system\Cache\CacheFactory.php(55): CodeIgniter\Cache\Handlers\FileHandler->__construct(Object(Config\Cache))
#2 C:\xampp\htdocs\attendance\system\Config\Services.php(110): CodeIgniter\Cache\CacheFactory::getHandler(Object(Config\Cache))
#3 C:\xampp\htdocs\attendance\system\Config\BaseService.php(263): CodeIgniter\Config\Services::cache(Object(Config\Cache), false)
#4 C:\xampp\htdocs\attendance\system\Config\BaseService.php(192): CodeIgniter\Config\BaseService::__callStatic('cache', Array)
#5 C:\xampp\htdocs\attendance\system\Config\Services.php(105): CodeIgniter\Config\BaseService::getSharedInstance('cache', NULL)
#6 C:\xampp\htdocs\attendance\system\Config\BaseService.php(263): CodeIgniter\Config\Services::cache()
#7 C:\xampp\htdocs\attendance\system\Common.php(74): CodeIgniter\Config\BaseService::__callStatic('cache', Array)
#8 C:\xampp\htdocs\attendance\system\CodeIgniter.php(651): cache()
#9 C:\xampp\htdocs\attendance\system\CodeIgniter.php(321): CodeIgniter\CodeIgniter->displayCache(Object(Config\Cache))
#10 C:\xampp\htdocs\attendance\public_html\index.php(37): CodeIgniter\CodeIgniter->run()
#11 {main}
CRITICAL - 2021-08-22 02:33:06 --> Cache unable to write to C:\xampp\htdocs\attendance\writable\cache/.
#0 C:\xampp\htdocs\attendance\system\Cache\Handlers\FileHandler.php(68): CodeIgniter\Cache\Exceptions\CacheException::forUnableToWrite('C:\\xampp\\htdocs...')
#1 C:\xampp\htdocs\attendance\system\Cache\CacheFactory.php(55): CodeIgniter\Cache\Handlers\FileHandler->__construct(Object(Config\Cache))
#2 C:\xampp\htdocs\attendance\system\Config\Services.php(110): CodeIgniter\Cache\CacheFactory::getHandler(Object(Config\Cache))
#3 C:\xampp\htdocs\attendance\system\Config\BaseService.php(263): CodeIgniter\Config\Services::cache(Object(Config\Cache), false)
#4 C:\xampp\htdocs\attendance\system\Config\BaseService.php(192): CodeIgniter\Config\BaseService::__callStatic('cache', Array)
#5 C:\xampp\htdocs\attendance\system\Config\Services.php(105): CodeIgniter\Config\BaseService::getSharedInstance('cache', NULL)
#6 C:\xampp\htdocs\attendance\system\Config\BaseService.php(263): CodeIgniter\Config\Services::cache()
#7 C:\xampp\htdocs\attendance\system\Common.php(74): CodeIgniter\Config\BaseService::__callStatic('cache', Array)
#8 C:\xampp\htdocs\attendance\system\CodeIgniter.php(651): cache()
#9 C:\xampp\htdocs\attendance\system\CodeIgniter.php(321): CodeIgniter\CodeIgniter->displayCache(Object(Config\Cache))
#10 C:\xampp\htdocs\attendance\public_html\index.php(37): CodeIgniter\CodeIgniter->run()
#11 {main}
CRITICAL - 2021-08-22 02:33:34 --> Cache unable to write to C:\xampp\htdocs\attendance\writable\cache/.
#0 C:\xampp\htdocs\attendance\system\Cache\Handlers\FileHandler.php(68): CodeIgniter\Cache\Exceptions\CacheException::forUnableToWrite('C:\\xampp\\htdocs...')
#1 C:\xampp\htdocs\attendance\system\Cache\CacheFactory.php(55): CodeIgniter\Cache\Handlers\FileHandler->__construct(Object(Config\Cache))
#2 C:\xampp\htdocs\attendance\system\Config\Services.php(110): CodeIgniter\Cache\CacheFactory::getHandler(Object(Config\Cache))
#3 C:\xampp\htdocs\attendance\system\Config\BaseService.php(263): CodeIgniter\Config\Services::cache(Object(Config\Cache), false)
#4 C:\xampp\htdocs\attendance\system\Config\BaseService.php(192): CodeIgniter\Config\BaseService::__callStatic('cache', Array)
#5 C:\xampp\htdocs\attendance\system\Config\Services.php(105): CodeIgniter\Config\BaseService::getSharedInstance('cache', NULL)
#6 C:\xampp\htdocs\attendance\system\Config\BaseService.php(263): CodeIgniter\Config\Services::cache()
#7 C:\xampp\htdocs\attendance\system\Common.php(74): CodeIgniter\Config\BaseService::__callStatic('cache', Array)
#8 C:\xampp\htdocs\attendance\system\CodeIgniter.php(651): cache()
#9 C:\xampp\htdocs\attendance\system\CodeIgniter.php(321): CodeIgniter\CodeIgniter->displayCache(Object(Config\Cache))
#10 C:\xampp\htdocs\attendance\public_html\index.php(37): CodeIgniter\CodeIgniter->run()
#11 {main}
CRITICAL - 2021-08-22 02:33:50 --> Cache unable to write to C:\xampp\htdocs\attendance\writable\cache/.
#0 C:\xampp\htdocs\attendance\system\Cache\Handlers\FileHandler.php(68): CodeIgniter\Cache\Exceptions\CacheException::forUnableToWrite('C:\\xampp\\htdocs...')
#1 C:\xampp\htdocs\attendance\system\Cache\CacheFactory.php(55): CodeIgniter\Cache\Handlers\FileHandler->__construct(Object(Config\Cache))
#2 C:\xampp\htdocs\attendance\system\Config\Services.php(110): CodeIgniter\Cache\CacheFactory::getHandler(Object(Config\Cache))
#3 C:\xampp\htdocs\attendance\system\Config\BaseService.php(263): CodeIgniter\Config\Services::cache(Object(Config\Cache), false)
#4 C:\xampp\htdocs\attendance\system\Config\BaseService.php(192): CodeIgniter\Config\BaseService::__callStatic('cache', Array)
#5 C:\xampp\htdocs\attendance\system\Config\Services.php(105): CodeIgniter\Config\BaseService::getSharedInstance('cache', NULL)
#6 C:\xampp\htdocs\attendance\system\Config\BaseService.php(263): CodeIgniter\Config\Services::cache()
#7 C:\xampp\htdocs\attendance\system\Common.php(74): CodeIgniter\Config\BaseService::__callStatic('cache', Array)
#8 C:\xampp\htdocs\attendance\system\CodeIgniter.php(651): cache()
#9 C:\xampp\htdocs\attendance\system\CodeIgniter.php(321): CodeIgniter\CodeIgniter->displayCache(Object(Config\Cache))
#10 C:\xampp\htdocs\attendance\public_html\index.php(37): CodeIgniter\CodeIgniter->run()
#11 {main}
CRITICAL - 2021-08-22 09:48:52 --> The framework needs the following extension(s) installed and loaded: intl.
#0 C:\xampp8\htdocs\attendance\system\CodeIgniter.php(228): CodeIgniter\Exceptions\FrameworkException::forMissingExtension('intl')
#1 C:\xampp8\htdocs\attendance\system\CodeIgniter.php(180): CodeIgniter\CodeIgniter->resolvePlatformExtensions()
#2 C:\xampp8\htdocs\attendance\system\bootstrap.php(157): CodeIgniter\CodeIgniter->initialize()
#3 C:\xampp8\htdocs\attendance\public_html\index.php(28): require('C:\\xampp8\\htdoc...')
#4 {main}
CRITICAL - 2021-08-22 03:36:27 --> Class "App\Controllers\AttendanceModel" not found
#0 C:\xampp8\htdocs\attendance\system\CodeIgniter.php(900): App\Controllers\Register->__construct()
#1 C:\xampp8\htdocs\attendance\system\CodeIgniter.php(426): CodeIgniter\CodeIgniter->createController()
#2 C:\xampp8\htdocs\attendance\system\CodeIgniter.php(336): CodeIgniter\CodeIgniter->handleRequest(NULL, Object(Config\Cache), false)
#3 C:\xampp8\htdocs\attendance\public_html\index.php(37): CodeIgniter\CodeIgniter->run()
#4 {main}
CRITICAL - 2021-08-22 16:48:40 --> Undefined variable $user
#0 C:\xampp8\htdocs\attendance\app\Views\register\index.php(87): CodeIgniter\Debug\Exceptions->errorHandler(2, 'Undefined varia...', 'C:\\xampp8\\htdoc...', 87)
#1 C:\xampp8\htdocs\attendance\system\View\View.php(230): include('C:\\xampp8\\htdoc...')
#2 C:\xampp8\htdocs\attendance\system\View\View.php(232): CodeIgniter\View\View->CodeIgniter\View\{closure}()
#3 C:\xampp8\htdocs\attendance\system\Common.php(1271): CodeIgniter\View\View->render('register/index', Array, true)
#4 C:\xampp8\htdocs\attendance\app\Controllers\Register.php(22): view('register/index')
#5 C:\xampp8\htdocs\attendance\system\CodeIgniter.php(928): App\Controllers\Register->index()
#6 C:\xampp8\htdocs\attendance\system\CodeIgniter.php(436): CodeIgniter\CodeIgniter->runController(Object(App\Controllers\Register))
#7 C:\xampp8\htdocs\attendance\system\CodeIgniter.php(336): CodeIgniter\CodeIgniter->handleRequest(NULL, Object(Config\Cache), false)
#8 C:\xampp8\htdocs\attendance\public_html\index.php(37): CodeIgniter\CodeIgniter->run()
#9 {main}
CRITICAL - 2021-08-22 17:05:02 --> Undefined variable $page_body
#0 C:\xampp8\htdocs\attendance\app\Views\template\index.php(188): CodeIgniter\Debug\Exceptions->errorHandler(2, 'Undefined varia...', 'C:\\xampp8\\htdoc...', 188)
#1 C:\xampp8\htdocs\attendance\system\View\View.php(230): include('C:\\xampp8\\htdoc...')
#2 C:\xampp8\htdocs\attendance\system\View\View.php(232): CodeIgniter\View\View->CodeIgniter\View\{closure}()
#3 C:\xampp8\htdocs\attendance\system\Common.php(1271): CodeIgniter\View\View->render('template/index', Array, true)
#4 C:\xampp8\htdocs\attendance\app\Controllers\Register.php(22): view('template/index')
#5 C:\xampp8\htdocs\attendance\system\CodeIgniter.php(928): App\Controllers\Register->index()
#6 C:\xampp8\htdocs\attendance\system\CodeIgniter.php(436): CodeIgniter\CodeIgniter->runController(Object(App\Controllers\Register))
#7 C:\xampp8\htdocs\attendance\system\CodeIgniter.php(336): CodeIgniter\CodeIgniter->handleRequest(NULL, Object(Config\Cache), false)
#8 C:\xampp8\htdocs\attendance\public_html\index.php(37): CodeIgniter\CodeIgniter->run()
#9 {main}
CRITICAL - 2021-08-22 17:07:43 --> Array to string conversion
#0 C:\xampp8\htdocs\attendance\app\Views\register\body.php(6): CodeIgniter\Debug\Exceptions->errorHandler(2, 'Array to string...', 'C:\\xampp8\\htdoc...', 6)
#1 C:\xampp8\htdocs\attendance\system\View\View.php(230): include('C:\\xampp8\\htdoc...')
#2 C:\xampp8\htdocs\attendance\system\View\View.php(232): CodeIgniter\View\View->CodeIgniter\View\{closure}()
#3 C:\xampp8\htdocs\attendance\system\Common.php(1271): CodeIgniter\View\View->render('register/body', Array, true)
#4 C:\xampp8\htdocs\attendance\app\Views\template\index.php(188): view('register/body')
#5 C:\xampp8\htdocs\attendance\system\View\View.php(230): include('C:\\xampp8\\htdoc...')
#6 C:\xampp8\htdocs\attendance\system\View\View.php(232): CodeIgniter\View\View->CodeIgniter\View\{closure}()
#7 C:\xampp8\htdocs\attendance\system\Common.php(1271): CodeIgniter\View\View->render('template/index', Array, true)
#8 C:\xampp8\htdocs\attendance\app\Controllers\Register.php(23): view('template/index', Array)
#9 C:\xampp8\htdocs\attendance\system\CodeIgniter.php(928): App\Controllers\Register->index()
#10 C:\xampp8\htdocs\attendance\system\CodeIgniter.php(436): CodeIgniter\CodeIgniter->runController(Object(App\Controllers\Register))
#11 C:\xampp8\htdocs\attendance\system\CodeIgniter.php(336): CodeIgniter\CodeIgniter->handleRequest(NULL, Object(Config\Cache), false)
#12 C:\xampp8\htdocs\attendance\public_html\index.php(37): CodeIgniter\CodeIgniter->run()
#13 {main}
